<?xml version="1.0" encoding="UTF-8"?>
<testsuite name="com.example.aaasaa.ServiceTest" tests="6" skipped="0" failures="0" errors="0" timestamp="2024-10-07T09:26:31" hostname="DESKTOP-QQI5BL8" time="0.078">
  <properties/>
  <testcase name="NameSearchTest()" classname="com.example.aaasaa.ServiceTest" time="0.016"/>
  <testcase name="ChangePersonTest()" classname="com.example.aaasaa.ServiceTest" time="0.011"/>
  <testcase name="ServiceInitTest()" classname="com.example.aaasaa.ServiceTest" time="0.003"/>
  <testcase name="SortByAgeTest()" classname="com.example.aaasaa.ServiceTest" time="0.007"/>
  <testcase name="GetFilteredByAgeTest()" classname="com.example.aaasaa.ServiceTest" time="0.012"/>
  <testcase name="GetAllTest()" classname="com.example.aaasaa.ServiceTest" time="0.005"/>
  <system-out><![CDATA[]]></system-out>
  <system-err><![CDATA[]]></system-err>
</testsuite>
